# JRE version: Java(TM) SE Runtime Environment (8.0_162-b12) (build 1.8.0_162-b12)
# Java VM: Java HotSpot(TM) 64-Bit Server VM (25.162-b12 mixed mode windows-amd64 compressed oops)
Heap:
 PSYoungGen      total 173568K, used 69520K [0x00000000d5580000, 0x00000000e4500000, 0x0000000100000000)
  eden space 160768K, 35% used [0x00000000d5580000,0x00000000d8ce6a50,0x00000000df280000)
  from space 12800K, 99% used [0x00000000df280000,0x00000000dfefd918,0x00000000dff00000)
  to   space 14848K, 0% used [0x00000000e3680000,0x00000000e3680000,0x00000000e4500000)
 ParOldGen       total 93184K, used 14528K [0x0000000080000000, 0x0000000085b00000, 0x00000000d5580000)
  object space 93184K, 15% used [0x0000000080000000,0x0000000080e30090,0x0000000085b00000)
 Metaspace       used 46339K, capacity 48524K, committed 48936K, reserved 1091584K
  class space    used 6436K, capacity 6854K, committed 6952K, reserved 1048576K
GC Heap History (10 events):
Event: 5.830 GC heap before
{Heap before GC invocations=7 (full 1):
 PSYoungGen      total 56832K, used 49152K [0x00000000d5580000, 0x00000000dcc80000, 0x0000000100000000)
  eden space 49152K, 100% used [0x00000000d5580000,0x00000000d8580000,0x00000000d8580000)
  from space 7680K, 0% used [0x00000000d8580000,0x00000000d8580000,0x00000000d8d00000)
  to   space 11776K, 0% used [0x00000000dc100000,0x00000000dc100000,0x00000000dcc80000)
 ParOldGen       total 66048K, used 7229K [0x0000000080000000, 0x0000000084080000, 0x00000000d5580000)
  object space 66048K, 10% used [0x0000000080000000,0x000000008070f6e0,0x0000000084080000)
 Metaspace       used 23117K, capacity 24036K, committed 24192K, reserved 1069056K
  class space    used 3374K, capacity 3618K, committed 3712K, reserved 1048576K
Event: 5.834 GC heap after
Heap after GC invocations=7 (full 1):
 PSYoungGen      total 94720K, used 3815K [0x00000000d5580000, 0x00000000dc580000, 0x0000000100000000)
  eden space 90112K, 0% used [0x00000000d5580000,0x00000000d5580000,0x00000000dad80000)
  from space 4608K, 82% used [0x00000000dc100000,0x00000000dc4b9fc0,0x00000000dc580000)
  to   space 12288K, 0% used [0x00000000dad80000,0x00000000dad80000,0x00000000db980000)
 ParOldGen       total 66048K, used 7237K [0x0000000080000000, 0x0000000084080000, 0x00000000d5580000)
  object space 66048K, 10% used [0x0000000080000000,0x00000000807116e0,0x0000000084080000)
 Metaspace       used 23117K, capacity 24036K, committed 24192K, reserved 1069056K
  class space    used 3374K, capacity 3618K, committed 3712K, reserved 1048576K
}
Event: 7.802 GC heap before
{Heap before GC invocations=8 (full 1):
 PSYoungGen      total 94720K, used 93927K [0x00000000d5580000, 0x00000000dc580000, 0x0000000100000000)
  eden space 90112K, 100% used [0x00000000d5580000,0x00000000dad80000,0x00000000dad80000)
  from space 4608K, 82% used [0x00000000dc100000,0x00000000dc4b9fc0,0x00000000dc580000)
  to   space 12288K, 0% used [0x00000000dad80000,0x00000000dad80000,0x00000000db980000)
 ParOldGen       total 66048K, used 7237K [0x0000000080000000, 0x0000000084080000, 0x00000000d5580000)
  object space 66048K, 10% used [0x0000000080000000,0x00000000807116e0,0x0000000084080000)
 Metaspace       used 32952K, capacity 34116K, committed 34432K, reserved 1079296K
  class space    used 4585K, capacity 4879K, committed 4992K, reserved 1048576K
Event: 7.830 GC heap after
Heap after GC invocations=8 (full 1):
 PSYoungGen      total 102400K, used 11522K [0x00000000d5580000, 0x00000000e0f80000, 0x0000000100000000)
  eden space 90112K, 0% used [0x00000000d5580000,0x00000000d5580000,0x00000000dad80000)
  from space 12288K, 93% used [0x00000000dad80000,0x00000000db8c0ba0,0x00000000db980000)
  to   space 13824K, 0% used [0x00000000e0200000,0x00000000e0200000,0x00000000e0f80000)
 ParOldGen       total 66048K, used 7245K [0x0000000080000000, 0x0000000084080000, 0x00000000d5580000)
  object space 66048K, 10% used [0x0000000080000000,0x00000000807136e0,0x0000000084080000)
 Metaspace       used 32952K, capacity 34116K, committed 34432K, reserved 1079296K
  class space    used 4585K, capacity 4879K, committed 4992K, reserved 1048576K
}
Event: 9.148 GC heap before
{Heap before GC invocations=9 (full 1):
 PSYoungGen      total 102400K, used 34192K [0x00000000d5580000, 0x00000000e0f80000, 0x0000000100000000)
  eden space 90112K, 25% used [0x00000000d5580000,0x00000000d6ba3808,0x00000000dad80000)
  from space 12288K, 93% used [0x00000000dad80000,0x00000000db8c0ba0,0x00000000db980000)
  to   space 13824K, 0% used [0x00000000e0200000,0x00000000e0200000,0x00000000e0f80000)
 ParOldGen       total 66048K, used 7245K [0x0000000080000000, 0x0000000084080000, 0x00000000d5580000)
  object space 66048K, 10% used [0x0000000080000000,0x00000000807136e0,0x0000000084080000)
 Metaspace       used 34096K, capacity 35356K, committed 35496K, reserved 1079296K
  class space    used 4705K, capacity 5005K, committed 5032K, reserved 1048576K
Event: 9.171 GC heap after
Heap after GC invocations=9 (full 1):
 PSYoungGen      total 170496K, used 7396K [0x00000000d5580000, 0x00000000e0b80000, 0x0000000100000000)
  eden space 160768K, 0% used [0x00000000d5580000,0x00000000d5580000,0x00000000df280000)
  from space 9728K, 76% used [0x00000000e0200000,0x00000000e09392a0,0x00000000e0b80000)
  to   space 12800K, 0% used [0x00000000df280000,0x00000000df280000,0x00000000dff00000)
 ParOldGen       total 66048K, used 7253K [0x0000000080000000, 0x0000000084080000, 0x00000000d5580000)
  object space 66048K, 10% used [0x0000000080000000,0x00000000807156e0,0x0000000084080000)
 Metaspace       used 34096K, capacity 35356K, committed 35496K, reserved 1079296K
  class space    used 4705K, capacity 5005K, committed 5032K, reserved 1048576K
}
Event: 9.171 GC heap before
{Heap before GC invocations=10 (full 2):
 PSYoungGen      total 170496K, used 7396K [0x00000000d5580000, 0x00000000e0b80000, 0x0000000100000000)
  eden space 160768K, 0% used [0x00000000d5580000,0x00000000d5580000,0x00000000df280000)
  from space 9728K, 76% used [0x00000000e0200000,0x00000000e09392a0,0x00000000e0b80000)
  to   space 12800K, 0% used [0x00000000df280000,0x00000000df280000,0x00000000dff00000)
 ParOldGen       total 66048K, used 7253K [0x0000000080000000, 0x0000000084080000, 0x00000000d5580000)
  object space 66048K, 10% used [0x0000000080000000,0x00000000807156e0,0x0000000084080000)
 Metaspace       used 34096K, capacity 35356K, committed 35496K, reserved 1079296K
  class space    used 4705K, capacity 5005K, committed 5032K, reserved 1048576K
Event: 9.307 GC heap after
Heap after GC invocations=10 (full 2):
 PSYoungGen      total 170496K, used 0K [0x00000000d5580000, 0x00000000e0b80000, 0x0000000100000000)
  eden space 160768K, 0% used [0x00000000d5580000,0x00000000d5580000,0x00000000df280000)
  from space 9728K, 0% used [0x00000000e0200000,0x00000000e0200000,0x00000000e0b80000)
  to   space 12800K, 0% used [0x00000000df280000,0x00000000df280000,0x00000000dff00000)
 ParOldGen       total 93184K, used 13516K [0x0000000080000000, 0x0000000085b00000, 0x00000000d5580000)
  object space 93184K, 14% used [0x0000000080000000,0x0000000080d331a0,0x0000000085b00000)
 Metaspace       used 34096K, capacity 35356K, committed 35496K, reserved 1079296K
  class space    used 4705K, capacity 5005K, committed 5032K, reserved 1048576K
}
Event: 12.353 GC heap before
{Heap before GC invocations=11 (full 2):
 PSYoungGen      total 170496K, used 160768K [0x00000000d5580000, 0x00000000e0b80000, 0x0000000100000000)
  eden space 160768K, 100% used [0x00000000d5580000,0x00000000df280000,0x00000000df280000)
  from space 9728K, 0% used [0x00000000e0200000,0x00000000e0200000,0x00000000e0b80000)
  to   space 12800K, 0% used [0x00000000df280000,0x00000000df280000,0x00000000dff00000)
 ParOldGen       total 93184K, used 13516K [0x0000000080000000, 0x0000000085b00000, 0x00000000d5580000)
  object space 93184K, 14% used [0x0000000080000000,0x0000000080d331a0,0x0000000085b00000)
 Metaspace       used 39614K, capacity 41666K, committed 41896K, reserved 1085440K
  class space    used 5580K, capacity 5973K, committed 6056K, reserved 1048576K
Event: 12.363 GC heap after
Heap after GC invocations=11 (full 2):
 PSYoungGen      total 173568K, used 12790K [0x00000000d5580000, 0x00000000e4500000, 0x0000000100000000)
  eden space 160768K, 0% used [0x00000000d5580000,0x00000000d5580000,0x00000000df280000)
  from space 12800K, 99% used [0x00000000df280000,0x00000000dfefd918,0x00000000dff00000)
  to   space 14848K, 0% used [0x00000000e3680000,0x00000000e3680000,0x00000000e4500000)
 ParOldGen       total 93184K, used 14528K [0x0000000080000000, 0x0000000085b00000, 0x00000000d5580000)
  object space 93184K, 15% used [0x0000000080000000,0x0000000080e30090,0x0000000085b00000)
 Metaspace       used 39614K, capacity 41666K, committed 41896K, reserved 1085440K
  class space    used 5580K, capacity 5973K, committed 6056K, reserved 1048576K
}

