# JRE version: Java(TM) SE Runtime Environment (8.0_162-b12) (build 1.8.0_162-b12)
# Java VM: Java HotSpot(TM) 64-Bit Server VM (25.162-b12 mixed mode windows-amd64 compressed oops)
Heap:
 PSYoungGen      total 173568K, used 26627K [0x00000000d5580000, 0x00000000e0b80000, 0x0000000100000000)
  eden space 160768K, 8% used [0x00000000d5580000,0x00000000d6304838,0x00000000df280000)
  from space 12800K, 99% used [0x00000000df280000,0x00000000dfefc718,0x00000000dff00000)
  to   space 12288K, 0% used [0x00000000dff80000,0x00000000dff80000,0x00000000e0b80000)
 ParOldGen       total 98304K, used 14752K [0x0000000080000000, 0x0000000086000000, 0x00000000d5580000)
  object space 98304K, 15% used [0x0000000080000000,0x0000000080e68098,0x0000000086000000)
 Metaspace       used 40696K, capacity 42750K, committed 42880K, reserved 1085440K
  class space    used 5731K, capacity 6161K, committed 6272K, reserved 1048576K
GC Heap History (10 events):
Event: 6.167 GC heap before
{Heap before GC invocations=7 (full 1):
 PSYoungGen      total 56832K, used 49152K [0x00000000d5580000, 0x00000000dcc80000, 0x0000000100000000)
  eden space 49152K, 100% used [0x00000000d5580000,0x00000000d8580000,0x00000000d8580000)
  from space 7680K, 0% used [0x00000000d8580000,0x00000000d8580000,0x00000000d8d00000)
  to   space 11776K, 0% used [0x00000000dc100000,0x00000000dc100000,0x00000000dcc80000)
 ParOldGen       total 66560K, used 7256K [0x0000000080000000, 0x0000000084100000, 0x00000000d5580000)
  object space 66560K, 10% used [0x0000000080000000,0x00000000807161d0,0x0000000084100000)
 Metaspace       used 23120K, capacity 24052K, committed 24192K, reserved 1069056K
  class space    used 3367K, capacity 3618K, committed 3712K, reserved 1048576K
Event: 6.174 GC heap after
Heap after GC invocations=7 (full 1):
 PSYoungGen      total 94208K, used 4388K [0x00000000d5580000, 0x00000000dc580000, 0x0000000100000000)
  eden space 89600K, 0% used [0x00000000d5580000,0x00000000d5580000,0x00000000dad00000)
  from space 4608K, 95% used [0x00000000dc100000,0x00000000dc549290,0x00000000dc580000)
  to   space 11776K, 0% used [0x00000000dae80000,0x00000000dae80000,0x00000000dba00000)
 ParOldGen       total 66560K, used 7264K [0x0000000080000000, 0x0000000084100000, 0x00000000d5580000)
  object space 66560K, 10% used [0x0000000080000000,0x00000000807181d0,0x0000000084100000)
 Metaspace       used 23120K, capacity 24052K, committed 24192K, reserved 1069056K
  class space    used 3367K, capacity 3618K, committed 3712K, reserved 1048576K
}
Event: 8.754 GC heap before
{Heap before GC invocations=8 (full 1):
 PSYoungGen      total 94208K, used 93988K [0x00000000d5580000, 0x00000000dc580000, 0x0000000100000000)
  eden space 89600K, 100% used [0x00000000d5580000,0x00000000dad00000,0x00000000dad00000)
  from space 4608K, 95% used [0x00000000dc100000,0x00000000dc549290,0x00000000dc580000)
  to   space 11776K, 0% used [0x00000000dae80000,0x00000000dae80000,0x00000000dba00000)
 ParOldGen       total 66560K, used 7264K [0x0000000080000000, 0x0000000084100000, 0x00000000d5580000)
  object space 66560K, 10% used [0x0000000080000000,0x00000000807181d0,0x0000000084100000)
 Metaspace       used 32907K, capacity 34072K, committed 34432K, reserved 1079296K
  class space    used 4583K, capacity 4879K, committed 4992K, reserved 1048576K
Event: 8.783 GC heap after
Heap after GC invocations=8 (full 1):
 PSYoungGen      total 102912K, used 11456K [0x00000000d5580000, 0x00000000e0c80000, 0x0000000100000000)
  eden space 91136K, 0% used [0x00000000d5580000,0x00000000d5580000,0x00000000dae80000)
  from space 11776K, 97% used [0x00000000dae80000,0x00000000db9b01f0,0x00000000dba00000)
  to   space 13312K, 0% used [0x00000000dff80000,0x00000000dff80000,0x00000000e0c80000)
 ParOldGen       total 66560K, used 7272K [0x0000000080000000, 0x0000000084100000, 0x00000000d5580000)
  object space 66560K, 10% used [0x0000000080000000,0x000000008071a1d0,0x0000000084100000)
 Metaspace       used 32907K, capacity 34072K, committed 34432K, reserved 1079296K
  class space    used 4583K, capacity 4879K, committed 4992K, reserved 1048576K
}
Event: 9.543 GC heap before
{Heap before GC invocations=9 (full 1):
 PSYoungGen      total 102912K, used 38354K [0x00000000d5580000, 0x00000000e0c80000, 0x0000000100000000)
  eden space 91136K, 29% used [0x00000000d5580000,0x00000000d6fc49d8,0x00000000dae80000)
  from space 11776K, 97% used [0x00000000dae80000,0x00000000db9b01f0,0x00000000dba00000)
  to   space 13312K, 0% used [0x00000000dff80000,0x00000000dff80000,0x00000000e0c80000)
 ParOldGen       total 66560K, used 7272K [0x0000000080000000, 0x0000000084100000, 0x00000000d5580000)
  object space 66560K, 10% used [0x0000000080000000,0x000000008071a1d0,0x0000000084100000)
 Metaspace       used 34053K, capacity 35390K, committed 35496K, reserved 1079296K
  class space    used 4719K, capacity 5034K, committed 5120K, reserved 1048576K
Event: 9.556 GC heap after
Heap after GC invocations=9 (full 1):
 PSYoungGen      total 173056K, used 7684K [0x00000000d5580000, 0x00000000e0b80000, 0x0000000100000000)
  eden space 160768K, 0% used [0x00000000d5580000,0x00000000d5580000,0x00000000df280000)
  from space 12288K, 62% used [0x00000000dff80000,0x00000000e07010c0,0x00000000e0b80000)
  to   space 12800K, 0% used [0x00000000df280000,0x00000000df280000,0x00000000dff00000)
 ParOldGen       total 66560K, used 7280K [0x0000000080000000, 0x0000000084100000, 0x00000000d5580000)
  object space 66560K, 10% used [0x0000000080000000,0x000000008071c1d0,0x0000000084100000)
 Metaspace       used 34053K, capacity 35390K, committed 35496K, reserved 1079296K
  class space    used 4719K, capacity 5034K, committed 5120K, reserved 1048576K
}
Event: 9.556 GC heap before
{Heap before GC invocations=10 (full 2):
 PSYoungGen      total 173056K, used 7684K [0x00000000d5580000, 0x00000000e0b80000, 0x0000000100000000)
  eden space 160768K, 0% used [0x00000000d5580000,0x00000000d5580000,0x00000000df280000)
  from space 12288K, 62% used [0x00000000dff80000,0x00000000e07010c0,0x00000000e0b80000)
  to   space 12800K, 0% used [0x00000000df280000,0x00000000df280000,0x00000000dff00000)
 ParOldGen       total 66560K, used 7280K [0x0000000080000000, 0x0000000084100000, 0x00000000d5580000)
  object space 66560K, 10% used [0x0000000080000000,0x000000008071c1d0,0x0000000084100000)
 Metaspace       used 34053K, capacity 35390K, committed 35496K, reserved 1079296K
  class space    used 4719K, capacity 5034K, committed 5120K, reserved 1048576K
Event: 9.771 GC heap after
Heap after GC invocations=10 (full 2):
 PSYoungGen      total 173056K, used 0K [0x00000000d5580000, 0x00000000e0b80000, 0x0000000100000000)
  eden space 160768K, 0% used [0x00000000d5580000,0x00000000d5580000,0x00000000df280000)
  from space 12288K, 0% used [0x00000000dff80000,0x00000000dff80000,0x00000000e0b80000)
  to   space 12800K, 0% used [0x00000000df280000,0x00000000df280000,0x00000000dff00000)
 ParOldGen       total 98304K, used 13871K [0x0000000080000000, 0x0000000086000000, 0x00000000d5580000)
  object space 98304K, 14% used [0x0000000080000000,0x0000000080d8bd00,0x0000000086000000)
 Metaspace       used 34053K, capacity 35390K, committed 35496K, reserved 1079296K
  class space    used 4719K, capacity 5034K, committed 5120K, reserved 1048576K
}
Event: 13.119 GC heap before
{Heap before GC invocations=11 (full 2):
 PSYoungGen      total 173056K, used 160768K [0x00000000d5580000, 0x00000000e0b80000, 0x0000000100000000)
  eden space 160768K, 100% used [0x00000000d5580000,0x00000000df280000,0x00000000df280000)
  from space 12288K, 0% used [0x00000000dff80000,0x00000000dff80000,0x00000000e0b80000)
  to   space 12800K, 0% used [0x00000000df280000,0x00000000df280000,0x00000000dff00000)
 ParOldGen       total 98304K, used 13871K [0x0000000080000000, 0x0000000086000000, 0x00000000d5580000)
  object space 98304K, 14% used [0x0000000080000000,0x0000000080d8bd00,0x0000000086000000)
 Metaspace       used 39230K, capacity 41258K, committed 41600K, reserved 1085440K
  class space    used 5526K, capacity 5925K, committed 6016K, reserved 1048576K
Event: 13.141 GC heap after
Heap after GC invocations=11 (full 2):
 PSYoungGen      total 173568K, used 12785K [0x00000000d5580000, 0x00000000e0b80000, 0x0000000100000000)
  eden space 160768K, 0% used [0x00000000d5580000,0x00000000d5580000,0x00000000df280000)
  from space 12800K, 99% used [0x00000000df280000,0x00000000dfefc718,0x00000000dff00000)
  to   space 12288K, 0% used [0x00000000dff80000,0x00000000dff80000,0x00000000e0b80000)
 ParOldGen       total 98304K, used 14752K [0x0000000080000000, 0x0000000086000000, 0x00000000d5580000)
  object space 98304K, 15% used [0x0000000080000000,0x0000000080e68098,0x0000000086000000)
 Metaspace       used 39230K, capacity 41258K, committed 41600K, reserved 1085440K
  class space    used 5526K, capacity 5925K, committed 6016K, reserved 1048576K
}

